<?xml version='1.0' encoding='UTF-8'?>
<testsuite hostname="cu-tcom-1-10.203.2.109.int.colorado.edu" name="edu.colorado.csci3155.project1.StackMachineTest" tests="13" errors="0" failures="0" skipped="0" time="0.099" timestamp="2020-02-24T15:04:10">
                     <properties>
      <property name="jline.esc.timeout" value="0"/><property name="jna.platform.library.path" value="/usr/lib:/usr/lib"/><property name="java.runtime.name" value="Java(TM) SE Runtime Environment"/><property name="sun.boot.library.path" value="/Library/Java/JavaVirtualMachines/jdk1.8.0_241.jdk/Contents/Home/jre/lib"/><property name="java.vm.version" value="25.241-b07"/><property name="gopherProxySet" value="false"/><property name="java.vm.vendor" value="Oracle Corporation"/><property name="java.vendor.url" value="http://java.oracle.com/"/><property name="path.separator" value=":"/><property name="jna.loaded" value="true"/><property name="java.vm.name" value="Java HotSpot(TM) 64-Bit Server VM"/><property name="file.encoding.pkg" value="sun.io"/><property name="user.country" value="US"/><property name="sun.java.launcher" value="SUN_STANDARD"/><property name="sun.os.patch.level" value="unknown"/><property name="jna.nosys" value="true"/><property name="java.vm.specification.name" value="Java Virtual Machine Specification"/><property name="user.dir" value="/Users/jonathanphouminh/Desktop/mini_project1/csci3155_s20_project1"/><property name="java.runtime.version" value="1.8.0_241-b07"/><property name="java.awt.graphicsenv" value="sun.awt.CGraphicsEnvironment"/><property name="idea.managed" value="true"/><property name="java.endorsed.dirs" value="/Library/Java/JavaVirtualMachines/jdk1.8.0_241.jdk/Contents/Home/jre/lib/endorsed"/><property name="os.arch" value="x86_64"/><property name="java.io.tmpdir" value="/var/folders/nt/1yx05x1541n1tmrwx0_gt9t80000gn/T/"/><property name="line.separator" value="
"/><property name="java.vm.specification.vendor" value="Oracle Corporation"/><property name="os.name" value="Mac OS X"/><property name="sun.jnu.encoding" value="UTF-8"/><property name="jnidispatch.path" value="/var/folders/nt/1yx05x1541n1tmrwx0_gt9t80000gn/T/jna--1137202803/jna8974856552612894998.tmp"/><property name="java.library.path" value="/Users/jonathanphouminh/Library/Java/Extensions:/Library/Java/Extensions:/Network/Library/Java/Extensions:/System/Library/Java/Extensions:/usr/lib/java:."/><property name="java.specification.name" value="Java Platform API Specification"/><property name="java.class.version" value="52.0"/><property name="sun.management.compiler" value="HotSpot 64-Bit Tiered Compilers"/><property name="os.version" value="10.15.3"/><property name="http.nonProxyHosts" value="local|*.local|169.254/16|*.169.254/16"/><property name="user.home" value="/Users/jonathanphouminh"/><property name="user.timezone" value="America/Denver"/><property name="java.awt.printerjob" value="sun.lwawt.macosx.CPrinterJob"/><property name="file.encoding" value="UTF-8"/><property name="java.specification.version" value="1.8"/><property name="java.class.path" value="/Users/jonathanphouminh/Library/Application Support/IntelliJIdea2019.3/Scala/launcher/sbt-launch.jar"/><property name="user.name" value="jonathanphouminh"/><property name="jline.shutdownhook" value="false"/><property name="java.vm.specification.version" value="1.8"/><property name="sun.java.command" value="/Users/jonathanphouminh/Library/Application Support/IntelliJIdea2019.3/Scala/launcher/sbt-launch.jar early(addPluginSbtFile=&quot;&quot;&quot;/private/var/folders/nt/1yx05x1541n1tmrwx0_gt9t80000gn/T/idea.sbt&quot;&quot;&quot;) ; set ideaPort in Global := 50481 ; idea-shell"/><property name="java.home" value="/Library/Java/JavaVirtualMachines/jdk1.8.0_241.jdk/Contents/Home/jre"/><property name="sun.arch.data.model" value="64"/><property name="user.language" value="en"/><property name="java.specification.vendor" value="Oracle Corporation"/><property name="awt.toolkit" value="sun.lwawt.macosx.LWCToolkit"/><property name="java.vm.info" value="mixed mode"/><property name="java.version" value="1.8.0_241"/><property name="java.ext.dirs" value="/Users/jonathanphouminh/Library/Java/Extensions:/Library/Java/JavaVirtualMachines/jdk1.8.0_241.jdk/Contents/Home/jre/lib/ext:/Library/Java/Extensions:/Network/Library/Java/Extensions:/System/Library/Java/Extensions:/usr/lib/java"/><property name="sun.boot.class.path" value="/Library/Java/JavaVirtualMachines/jdk1.8.0_241.jdk/Contents/Home/jre/lib/resources.jar:/Library/Java/JavaVirtualMachines/jdk1.8.0_241.jdk/Contents/Home/jre/lib/rt.jar:/Library/Java/JavaVirtualMachines/jdk1.8.0_241.jdk/Contents/Home/jre/lib/sunrsasign.jar:/Library/Java/JavaVirtualMachines/jdk1.8.0_241.jdk/Contents/Home/jre/lib/jsse.jar:/Library/Java/JavaVirtualMachines/jdk1.8.0_241.jdk/Contents/Home/jre/lib/jce.jar:/Library/Java/JavaVirtualMachines/jdk1.8.0_241.jdk/Contents/Home/jre/lib/charsets.jar:/Library/Java/JavaVirtualMachines/jdk1.8.0_241.jdk/Contents/Home/jre/lib/jfr.jar:/Library/Java/JavaVirtualMachines/jdk1.8.0_241.jdk/Contents/Home/jre/classes"/><property name="java.vendor" value="Oracle Corporation"/><property name="file.separator" value="/"/><property name="java.vendor.url.bug" value="http://bugreport.sun.com/bugreport/"/><property name="sbt.supershell" value="false"/><property name="sun.io.unicode.encoding" value="UnicodeBig"/><property name="sun.cpu.endian" value="little"/><property name="socksNonProxyHosts" value="local|*.local|169.254/16|*.169.254/16"/><property name="ftp.nonProxyHosts" value="local|*.local|169.254/16|*.169.254/16"/><property name="sun.cpu.isalist" value=""/>
    </properties>
                     <testcase classname="edu.colorado.csci3155.project1.StackMachineTest" name="stack machine test 1" time="0.023">
                                                 
                                               </testcase><testcase classname="edu.colorado.csci3155.project1.StackMachineTest" name="logarithm test" time="0.002">
                                                 
                                               </testcase><testcase classname="edu.colorado.csci3155.project1.StackMachineTest" name="exponent test" time="0.002">
                                                 
                                               </testcase><testcase classname="edu.colorado.csci3155.project1.StackMachineTest" name="multiplication test" time="0.001">
                                                 
                                               </testcase><testcase classname="edu.colorado.csci3155.project1.StackMachineTest" name="division test" time="0.002">
                                                 
                                               </testcase><testcase classname="edu.colorado.csci3155.project1.StackMachineTest" name="subtraction test" time="0.0">
                                                 
                                               </testcase><testcase classname="edu.colorado.csci3155.project1.StackMachineTest" name="stack machine test 2" time="0.002">
                                                 
                                               </testcase><testcase classname="edu.colorado.csci3155.project1.StackMachineTest" name="stack machine test 5" time="0.001">
                                                 
                                               </testcase><testcase classname="edu.colorado.csci3155.project1.StackMachineTest" name="sine test" time="0.001">
                                                 
                                               </testcase><testcase classname="edu.colorado.csci3155.project1.StackMachineTest" name="cosine test" time="0.047">
                                                 
                                               </testcase><testcase classname="edu.colorado.csci3155.project1.StackMachineTest" name="divide by zero" time="0.001">
                                                 
                                               </testcase><testcase classname="edu.colorado.csci3155.project1.StackMachineTest" name="bad logarithm test" time="0.015">
                                                 
                                               </testcase><testcase classname="edu.colorado.csci3155.project1.StackMachineTest" name="empty stack test" time="0.002">
                                                 
                                               </testcase>
                     <system-out><![CDATA[]]></system-out>
                     <system-err><![CDATA[]]></system-err>
                   </testsuite>